TN:
SF:/home/peter/praekelt/mobius/radmin/staticsrc/components/atoms/InputField.js
FN:6,handleChange
FN:10,render
FNF:2
FNH:0
FNDA:0,handleChange
FNDA:0,render
DA:1,1
DA:2,1
DA:4,1
DA:7,0
DA:11,0
DA:22,1
LF:6
LH:4
BRDA:13,1,0,0
BRDA:13,1,1,0
BRF:2
BRH:0
end_of_record
TN:
SF:/home/peter/praekelt/mobius/radmin/staticsrc/components/atoms/SubmitButton.js
FN:6,render
FNF:1
FNH:0
FNDA:0,render
DA:1,1
DA:2,1
DA:4,1
DA:7,0
DA:16,1
LF:5
LH:4
BRF:0
BRH:0
end_of_record
TN:
SF:/home/peter/praekelt/mobius/radmin/staticsrc/components/organisms/LoginForm.js
FN:11,getInitialState
FN:19,onUpdate
FN:24,handleSubmit
FN:30,(anonymous_5)
FN:37,render
FNF:5
FNH:2
FNDA:3,getInitialState
FNDA:0,onUpdate
FNDA:0,handleSubmit
FNDA:0,(anonymous_5)
FNDA:3,render
DA:1,1
DA:2,1
DA:4,1
DA:6,1
DA:7,1
DA:9,1
DA:12,3
DA:20,0
DA:21,0
DA:24,0
DA:25,0
DA:27,0
DA:28,0
DA:30,0
DA:31,0
DA:32,0
DA:38,3
DA:58,1
LF:18
LH:9
BRDA:31,1,0,0
BRDA:31,1,1,0
BRF:2
BRH:0
end_of_record
TN:
SF:/home/peter/praekelt/mobius/radmin/staticsrc/utils/auth.js
FN:4,login
FN:9,(anonymous_3)
FN:19,logout
FN:23,loggedIn
FN:27,getToken
FN:36,success
FNF:6
FNH:0
FNDA:0,login
FNDA:0,(anonymous_3)
FNDA:0,logout
FNDA:0,loggedIn
FNDA:0,getToken
FNDA:0,success
DA:1,1
DA:5,0
DA:6,0
DA:7,0
DA:9,0
DA:10,0
DA:11,0
DA:12,0
DA:14,0
DA:20,0
DA:24,0
DA:28,0
DA:37,0
LF:13
LH:1
BRDA:5,1,0,0
BRDA:5,1,1,0
BRDA:6,2,0,0
BRDA:6,2,1,0
BRDA:10,3,0,0
BRDA:10,3,1,0
BRDA:12,4,0,0
BRDA:12,4,1,0
BRDA:14,5,0,0
BRDA:14,5,1,0
BRF:10
BRH:0
end_of_record
